<?xml version="1.0" encoding="UTF-8"?>
<!-- Generated by org.testng.reporters.JUnitReportReporter -->
<testsuite hostname="DESKTOP-ASB5QBL" name="grid.GridEg2" tests="2" failures="0" timestamp="10 Sep 2021 11:41:29 GMT" time="103.147" errors="0">
  <testcase name="grid_ops" time="43.880" classname="grid.GridEg2"/>
  <testcase name="grid_ops" time="59.267" classname="grid.GridEg2"/>
</testsuite> <!-- grid.GridEg2 -->
