<?xml version="1.0" encoding="UTF-8"?>
<!-- Generated by org.testng.reporters.JUnitReportReporter -->
<testsuite hostname="DESKTOP-ASB5QBL" name="testNG_ops.TestNGAnnotations" tests="4" failures="0" timestamp="7 Sep 2021 06:45:18 GMT" time="0.024" errors="0">
  <testcase name="Function1" time="0.014" classname="testNG_ops.TestNGAnnotations"/>
  <testcase name="Function3" time="0.003" classname="testNG_ops.TestNGAnnotations"/>
  <testcase name="Apple" time="0.003" classname="testNG_ops.TestNGAnnotations"/>
  <testcase name="Function2" time="0.004" classname="testNG_ops.TestNGAnnotations"/>
</testsuite> <!-- testNG_ops.TestNGAnnotations -->
