<?xml version="1.0" encoding="UTF-8"?>
<!-- Generated by org.testng.reporters.JUnitReportReporter -->
<testsuite hostname="DESKTOP-ASB5QBL" name="testNG_ops.TestNG_UserRegTC" tests="1" failures="0" timestamp="7 Sep 2021 07:07:09 GMT" time="56.899" errors="0">
  <testcase name="orguserReg" time="56.899" classname="testNG_ops.TestNG_UserRegTC"/>
</testsuite> <!-- testNG_ops.TestNG_UserRegTC -->
