<?xml version="1.0" encoding="UTF-8"?>
<!-- Generated by org.testng.reporters.JUnitReportReporter -->
<testsuite hostname="DESKTOP-ASB5QBL" name="testNG_ops.TestNG_EmpRegTC" tests="3" failures="0" timestamp="7 Sep 2021 07:20:16 GMT" time="23.821" errors="0">
  <testcase name="orgEmpReg" time="8.042" classname="testNG_ops.TestNG_EmpRegTC"/>
  <testcase name="orgEmpReg" time="8.023" classname="testNG_ops.TestNG_EmpRegTC"/>
  <testcase name="orgEmpReg" time="7.756" classname="testNG_ops.TestNG_EmpRegTC"/>
</testsuite> <!-- testNG_ops.TestNG_EmpRegTC -->
